<?xml version="1.0" encoding="UTF-8"?>
<!-- Generated by org.testng.reporters.JUnitXMLReporter -->
<testsuite ignored="0" hostname="DESKTOP-1RK3SK9" failures="0" tests="4" name="Test" time="16.332" errors="0" timestamp="2024-09-25T10:46:34 IST">
  <testcase classname="dataprovider.Adactin" name="loginFunctionality" time="0.4"/>
  <testcase classname="dataprovider.Adactin" name="loginFunctionality" time="0.392"/>
  <testcase classname="dataprovider.Adactin" name="loginFunctionality" time="0.427"/>
  <testcase classname="dataprovider.Adactin" name="loginFunctionality" time="0.571"/>
</testsuite> <!-- Test -->
